TN:
SF:/Users/eraith/deep_space/vuexcrash/src/App.vue
FNF:0
FNH:0
DA:12,1
DA:13,1
DA:14,1
LF:3
LH:3
BRF:0
BRH:0
end_of_record
TN:
SF:/Users/eraith/deep_space/vuexcrash/src/components/AddTodo.vue
FN:18,(anonymous_1)
FN:25,(anonymous_2)
FNF:2
FNH:1
FNDA:1,(anonymous_1)
FNDA:0,(anonymous_2)
DA:14,1
DA:19,1
DA:26,0
DA:27,0
LF:4
LH:2
BRF:0
BRH:0
end_of_record
TN:
SF:/Users/eraith/deep_space/vuexcrash/src/components/FilterTodos.vue
FNF:0
FNH:0
DA:15,1
LF:1
LH:1
BRF:0
BRH:0
end_of_record
TN:
SF:/Users/eraith/deep_space/vuexcrash/src/components/Todos.vue
FN:29,(anonymous_1)
FNF:1
FNH:1
FNDA:1,(anonymous_1)
DA:24,1
DA:30,1
LF:2
LH:2
BRF:0
BRH:0
end_of_record
